[2025-01-14T19:36:28.823543+00:00] Youdemy.ERROR: <p>Failed to connect to the database. Error: SQLSTATE[HY000] [1049] Unknown database 'youdem'</p> [] []
[2025-01-15T13:30:18.999713+00:00] Youdemy.WARNING: User with email  attempted to log in with incorrect credentials (email or password). [] []
[2025-01-15T13:37:11.615070+00:00] Youdemy.WARNING: User with email  attempted to log in with incorrect credentials (email or password). [] []
[2025-01-15T13:37:52.376823+00:00] Youdemy.WARNING: User with email hubojuwubo@mailinator.com attempted to log in with incorrect credentials (email or password). [] []
[2025-01-15T13:38:15.751411+00:00] Youdemy.INFO: User with email oussy@gmail.com successfully logged in. [] []
[2025-01-15T13:41:00.461745+00:00] Youdemy.WARNING: User with email dimi@mailinator.com attempted to log in with incorrect credentials (email or password). [] []
[2025-01-15T13:43:04.102875+00:00] Youdemy.WARNING: User with email sefegad@mailinator.com attempted to log in with incorrect credentials (email or password). [] []
[2025-01-15T13:43:54.736874+00:00] Youdemy.WARNING: User with email sefegad@mailinator.com attempted to log in with incorrect credentials (email or password). [] []
[2025-01-15T13:46:18.470641+00:00] Youdemy.WARNING: User with email siduz@mailinator.com attempted to log in with incorrect credentials. [] []
[2025-01-15T13:47:11.269279+00:00] Youdemy.WARNING: User with email wudi@mailinator.com attempted to log in with incorrect credentials. [] []
[2025-01-15T13:48:05.534198+00:00] Youdemy.WARNING: User with email qixoxo@mailinator.com attempted to log in with incorrect credentials. [] []
[2025-01-15T13:51:20.636053+00:00] Youdemy.WARNING: User with email ribofehyga@mailinator.com attempted to log in with incorrect credentials. [] []
[2025-01-15T13:52:50.037108+00:00] Youdemy.WARNING: User with email zadazulan@mailinator.com attempted to log in with incorrect credentials. [] []
[2025-01-15T13:53:19.877311+00:00] Youdemy.WARNING: User with email buxixuz@mailinator.com attempted to log in with incorrect credentials. [] []
[2025-01-15T13:53:40.305774+00:00] Youdemy.WARNING: User with email luxa@mailinator.com attempted to log in with incorrect credentials. [] []
[2025-01-15T13:54:32.790110+00:00] Youdemy.WARNING: User with email muzy@mailinator.com attempted to log in with incorrect credentials. [] []
[2025-01-15T13:55:20.522857+00:00] Youdemy.WARNING: User with email rujopi@mailinator.com attempted to log in with incorrect credentials. [] []
[2025-01-15T13:56:46.430952+00:00] Youdemy.WARNING: User with email pomolyqip@mailinator.com attempted to log in with incorrect credentials. [] []
[2025-01-15T13:58:36.277083+00:00] Youdemy.WARNING: User with email rehafow@mailinator.com attempted to log in with incorrect credentials. [] []
[2025-01-15T14:01:15.908688+00:00] Youdemy.WARNING: User with email gobece@mailinator.com attempted to log in with incorrect credentials. [] []
[2025-01-15T14:01:27.030611+00:00] Youdemy.WARNING: User with email migimuhyru@mailinator.com attempted to log in with incorrect credentials. [] []
[2025-01-15T14:02:05.661774+00:00] Youdemy.WARNING: User with email tuvawika@mailinator.com attempted to log in with incorrect credentials. [] []
[2025-01-15T14:02:18.681854+00:00] Youdemy.WARNING: User with email myqavota@mailinator.com attempted to log in with incorrect credentials. [] []
[2025-01-15T14:02:39.897914+00:00] Youdemy.WARNING: User with email wetiv@mailinator.com attempted to log in with incorrect credentials. [] []
[2025-01-15T14:04:10.686262+00:00] Youdemy.ERROR: Failed to connect to the database. Error: SQLSTATE[HY000] [1049] Unknown database 'youdemdb' [] []
[2025-01-15T14:13:39.446136+00:00] Youdemy.ERROR: An error occurred: SQLSTATE[HY000] [1049] Unknown database 'yodemydb' [] []
[2025-01-15T14:14:14.258451+00:00] Youdemy.WARNING: User with email sevoxok@mailinator.com attempted to log in with incorrect credentials. [] []
[2025-01-15T14:14:29.709396+00:00] Youdemy.WARNING: User with email pexusuhuw@mailinator.com attempted to log in with incorrect credentials. [] []
[2025-01-15T14:18:57.515725+00:00] Youdemy.INFO: User with email oussy@gmail.com successfully logged in. [] []
[2025-01-15T14:20:19.606092+00:00] Youdemy.WARNING: User with email pejekyd@mailinator.com attempted to log in with incorrect credentials. [] []
[2025-01-15T14:20:30.353691+00:00] Youdemy.INFO: User with email oussy@gmail.com successfully logged in. [] []
[2025-01-15T14:28:59.598303+00:00] Youdemy.INFO: New user registered with email caviwog@mailinator.com. [] []
[2025-01-15T14:28:59.842320+00:00] Youdemy.INFO: User with email caviwog@mailinator.com successfully logged in. [] []
[2025-01-15T14:33:36.302626+00:00] Youdemy.INFO: New user registered with email nuwybu@mailinator.com. [] []
[2025-01-15T14:33:36.563804+00:00] Youdemy.INFO: User with email nuwybu@mailinator.com successfully logged in. [] []
[2025-01-15T14:33:43.197297+00:00] Youdemy.INFO: New user registered with email fabafipi@mailinator.com. [] []
[2025-01-15T14:33:43.448856+00:00] Youdemy.INFO: User with email fabafipi@mailinator.com successfully logged in. [] []
[2025-01-15T15:01:06.840966+00:00] Youdemy.INFO: New user registered with email xawiw@mailinator.com [] []
[2025-01-15T15:01:07.105318+00:00] Youdemy.INFO: User with email xawiw@mailinator.com successfully logged in. [] []
